<?xml version="1.0" encoding="UTF-8"?>
<!-- Generated by org.testng.reporters.JUnitReportReporter -->
<testsuite skipped="0" hostname="LAPTOP-DEI00UJ8" name="com.demo.test.K_AutoTest" tests="1" failures="0" timestamp="21 Jan 2018 14:50:50 GMT" time="88.479" errors="0">
  <testcase name="Login" time="88.479" classname="com.demo.test.K_AutoTest"/>
</testsuite> <!-- com.demo.test.K_AutoTest -->
