<?xml version="1.0" encoding="UTF-8"?>
<!-- Generated by org.testng.reporters.JUnitReportReporter -->
<testsuite skipped="0" hostname="LAPTOP-DEI00UJ8" name="com.demo.test.Test1" tests="1" failures="0" timestamp="21 Jan 2018 14:07:44 GMT" time="41.966" errors="0">
  <testcase name="main" time="41.966" classname="com.demo.test.Test1"/>
</testsuite> <!-- com.demo.test.Test1 -->
